Exporter version: 3.3.0, Blender version: 3.3.2
========= Conversion from Blender to Babylon.js =========
	Scene settings used :
		Inline textures     :  false
		Material Type       :  PBR
		Positions Precision :  4
		Normals Precision   :  3
		UVs Precision       :  3
		Vert Color Precision:  3
		Mat Weight Precision:  2
		Keep Z-up r-handed  :  no
		Texture directory   :  D:\3D\
	Python World class constructor completed
	processing begun of skeleton:  Armature, id:  0
		processing begun of bone:  mixamorig:Hips, index:  0
		processing begun of bone:  mixamorig:Spine, index:  1
		processing begun of bone:  mixamorig:Spine1, index:  2
		processing begun of bone:  mixamorig:Spine2, index:  3
		processing begun of bone:  mixamorig:Neck, index:  4
		processing begun of bone:  mixamorig:Head, index:  5
		processing begun of bone:  mixamorig:HeadTop_End, index:  6
		processing begun of bone:  mixamorig:LeftShoulder, index:  7
		processing begun of bone:  mixamorig:LeftArm, index:  8
		processing begun of bone:  mixamorig:LeftForeArm, index:  9
		processing begun of bone:  mixamorig:LeftHand, index:  10
		processing begun of bone:  mixamorig:LeftHandThumb1, index:  11
		processing begun of bone:  mixamorig:LeftHandThumb2, index:  12
		processing begun of bone:  mixamorig:LeftHandThumb3, index:  13
		processing begun of bone:  mixamorig:LeftHandThumb4, index:  14
		processing begun of bone:  mixamorig:LeftHandIndex1, index:  15
		processing begun of bone:  mixamorig:LeftHandIndex2, index:  16
		processing begun of bone:  mixamorig:LeftHandIndex3, index:  17
		processing begun of bone:  mixamorig:LeftHandIndex4, index:  18
		processing begun of bone:  mixamorig:LeftHandMiddle1, index:  19
		processing begun of bone:  mixamorig:LeftHandMiddle2, index:  20
		processing begun of bone:  mixamorig:LeftHandMiddle3, index:  21
		processing begun of bone:  mixamorig:LeftHandMiddle4, index:  22
		processing begun of bone:  mixamorig:LeftHandRing1, index:  23
		processing begun of bone:  mixamorig:LeftHandRing2, index:  24
		processing begun of bone:  mixamorig:LeftHandRing3, index:  25
		processing begun of bone:  mixamorig:LeftHandRing4, index:  26
		processing begun of bone:  mixamorig:LeftHandPinky1, index:  27
		processing begun of bone:  mixamorig:LeftHandPinky2, index:  28
		processing begun of bone:  mixamorig:LeftHandPinky3, index:  29
		processing begun of bone:  mixamorig:LeftHandPinky4, index:  30
		processing begun of bone:  mixamorig:RightShoulder, index:  31
		processing begun of bone:  mixamorig:RightArm, index:  32
		processing begun of bone:  mixamorig:RightForeArm, index:  33
		processing begun of bone:  mixamorig:RightHand, index:  34
		processing begun of bone:  mixamorig:RightHandThumb1, index:  35
		processing begun of bone:  mixamorig:RightHandThumb2, index:  36
		processing begun of bone:  mixamorig:RightHandThumb3, index:  37
		processing begun of bone:  mixamorig:RightHandThumb4, index:  38
		processing begun of bone:  mixamorig:RightHandIndex1, index:  39
		processing begun of bone:  mixamorig:RightHandIndex2, index:  40
		processing begun of bone:  mixamorig:RightHandIndex3, index:  41
		processing begun of bone:  mixamorig:RightHandIndex4, index:  42
		processing begun of bone:  mixamorig:RightHandMiddle1, index:  43
		processing begun of bone:  mixamorig:RightHandMiddle2, index:  44
		processing begun of bone:  mixamorig:RightHandMiddle3, index:  45
		processing begun of bone:  mixamorig:RightHandMiddle4, index:  46
		processing begun of bone:  mixamorig:RightHandRing1, index:  47
		processing begun of bone:  mixamorig:RightHandRing2, index:  48
		processing begun of bone:  mixamorig:RightHandRing3, index:  49
		processing begun of bone:  mixamorig:RightHandRing4, index:  50
		processing begun of bone:  mixamorig:RightHandPinky1, index:  51
		processing begun of bone:  mixamorig:RightHandPinky2, index:  52
		processing begun of bone:  mixamorig:RightHandPinky3, index:  53
		processing begun of bone:  mixamorig:RightHandPinky4, index:  54
		processing begun of bone:  mixamorig:LeftUpLeg, index:  55
		processing begun of bone:  mixamorig:LeftLeg, index:  56
		processing begun of bone:  mixamorig:LeftFoot, index:  57
		processing begun of bone:  mixamorig:LeftToeBase, index:  58
		processing begun of bone:  mixamorig:LeftToe_End, index:  59
		processing begun of bone:  mixamorig:RightUpLeg, index:  60
		processing begun of bone:  mixamorig:RightLeg, index:  61
		processing begun of bone:  mixamorig:RightFoot, index:  62
		processing begun of bone:  mixamorig:RightToeBase, index:  63
		processing begun of bone:  mixamorig:RightToe_End, index:  64
		processing action Armature|mixamo.com|Layer0:  in[1 - 37], out[0 - 37]
		processing action Omni001|Take 001|BaseLayer:  in[0 - 1], out[50 - 51]
		processing action Omni002|Take 001|BaseLayer:  in[0 - 1], out[60 - 61]
		processing action Omni003|Take 001|BaseLayer:  in[0 - 1], out[70 - 71]
		processing action Omni004|Take 001|BaseLayer:  in[0 - 1], out[80 - 81]
		processing action Omni005|Take 001|BaseLayer:  in[0 - 1], out[90 - 91]
		processing action Omni006|Take 001|BaseLayer:  in[0 - 1], out[100 - 101]
		processing action Omni007|Take 001|BaseLayer:  in[0 - 1], out[110 - 111]
		processing action Omni008|Take 001|BaseLayer:  in[0 - 1], out[120 - 121]
	processing begun of camera (UniversalCamera):  Camera
	processing begun of mesh:  Mesh_0043
		processing begun of material:  Tex_0025_0.dds

ERROR: UN-EXCEPTED NODE TYPE(SHADERNODENORMALMAP).  CANNOT CONTINUE.

		processing begun of material:  Tex_0005_2.dds
		processing begun of material:  Tex_0022_2.dds
		processing begun of material:  Tex_0020_2.dds
		processing begun of material:  Tex_0015_2.dds
		processing begun of material:  Tex_0012_2.dds
			WARNING: Metal channel baking required, but not possible, ignored
			WARNING: Roughness channel baking required, but not possible, ignored
			WARNING: Refraction channel baking required, but not possible, ignored
========= An error was encountered =========
  File "C:\Users\Fred\AppData\Roaming\Blender Foundation\Blender\3.3\scripts\addons\babylon_js\json_exporter.py", line 116, in execute
    mesh = Mesh(object, scene, self)
  File "C:\Users\Fred\AppData\Roaming\Blender Foundation\Blender\3.3\scripts\addons\babylon_js\mesh.py", line 150, in __init__
    recipe = BakingRecipe(bpyMesh, exporter)
  File "C:\Users\Fred\AppData\Roaming\Blender Foundation\Blender\3.3\scripts\addons\babylon_js\materials\baking_recipe.py", line 105, in __init__
    self.bakedMaterial.bake(bpyMesh, self)
  File "C:\Users\Fred\AppData\Roaming\Blender Foundation\Blender\3.3\scripts\addons\babylon_js\materials\material.py", line 148, in bake
    deviceHold = scene.cycles.device
ERROR:  'Scene' object has no attribute 'cycles'
========= end of processing =========
elapsed time:  0 min, 0.9566 secs
